2025-11-29 19:39:20 INFO TalentoTech: Realizando la solicitud GET a https://reqres.in/api/users del usuario con id 2
2025-11-29 19:39:24 INFO TalentoTech: Status code: 200
2025-11-29 19:39:24 INFO TalentoTech: ID del usuario obtenido: 2
2025-11-29 19:39:24 INFO TalentoTech: _______________________________________________________________________________
2025-11-29 19:39:24 INFO TalentoTech: Realizando la solicitud POST a https://reqres.in/api/users de un nuevo usuario: Jose - Profesor
2025-11-29 19:39:32 INFO TalentoTech: Status code: 201
2025-11-29 19:39:32 INFO TalentoTech: Nombre del usuario creado: Jose
2025-11-29 19:39:32 INFO TalentoTech: _______________________________________________________________________________
2025-11-29 19:39:32 INFO TalentoTech: Realizando la solicitud DELETE a https://reqres.in/api/users del usuario con id 2
2025-11-29 19:39:54 INFO TalentoTech: Status code: 204
2025-11-29 19:39:54 INFO TalentoTech: _______________________________________________________________________________
2025-11-29 19:40:10 INFO TalentoTech: Iniciando test de login con datos de inicio de sesion externos (csv)...
2025-11-29 19:40:10 INFO TalentoTech: Completando con los datos de usuario: 'standard_user - secret_sauce'
2025-11-29 19:40:10 INFO TalentoTech: Verificando redireccionamiento dentro de la pagina
2025-11-29 19:40:10 INFO TalentoTech: Test de login de usuario standard_user exitoso
2025-11-29 19:40:10 INFO TalentoTech: Test de login completado
2025-11-29 19:40:10 INFO TalentoTech: _______________________________________________________________________________
2025-11-29 19:40:18 INFO TalentoTech: Iniciando test de login con datos de inicio de sesion externos (csv)...
2025-11-29 19:40:18 INFO TalentoTech: Completando con los datos de usuario: 'locked_out_user - secret_sauce'
2025-11-29 19:40:18 INFO TalentoTech: Error en test de login - Epic sadface: Sorry, this user has been locked out.
2025-11-29 19:40:18 INFO TalentoTech: Test de login completado
2025-11-29 19:40:18 INFO TalentoTech: _______________________________________________________________________________
2025-11-29 19:40:25 INFO TalentoTech: Iniciando test de login con datos de inicio de sesion externos (csv)...
2025-11-29 19:40:25 INFO TalentoTech: Completando con los datos de usuario: 'problem_user - secret_sauce'
2025-11-29 19:40:25 INFO TalentoTech: Verificando redireccionamiento dentro de la pagina
2025-11-29 19:40:25 INFO TalentoTech: Test de login de usuario problem_user exitoso
2025-11-29 19:40:25 INFO TalentoTech: Test de login completado
2025-11-29 19:40:25 INFO TalentoTech: _______________________________________________________________________________
2025-11-29 19:40:38 INFO TalentoTech: Iniciando test de login con datos de inicio de sesion externos (csv)...
2025-11-29 19:40:38 INFO TalentoTech: Completando con los datos de usuario: 'performance_glitch_user - secret_sauce'
2025-11-29 19:40:38 INFO TalentoTech: Verificando redireccionamiento dentro de la pagina
2025-11-29 19:40:38 INFO TalentoTech: Test de login de usuario performance_glitch_user exitoso
2025-11-29 19:40:38 INFO TalentoTech: Test de login completado
2025-11-29 19:40:38 INFO TalentoTech: _______________________________________________________________________________
2025-11-29 19:40:46 INFO TalentoTech: Iniciando test de login con datos de inicio de sesion externos (csv)...
2025-11-29 19:40:46 INFO TalentoTech: Completando con los datos de usuario: 'error_user - secret_sauce'
2025-11-29 19:40:46 INFO TalentoTech: Verificando redireccionamiento dentro de la pagina
2025-11-29 19:40:46 INFO TalentoTech: Test de login de usuario error_user exitoso
2025-11-29 19:40:46 INFO TalentoTech: Test de login completado
2025-11-29 19:40:46 INFO TalentoTech: _______________________________________________________________________________
2025-11-29 19:40:54 INFO TalentoTech: Iniciando test de login con datos de inicio de sesion externos (csv)...
2025-11-29 19:40:54 INFO TalentoTech: Completando con los datos de usuario: 'visual_user - secret_sauce'
2025-11-29 19:40:54 INFO TalentoTech: Verificando redireccionamiento dentro de la pagina
2025-11-29 19:40:54 INFO TalentoTech: Test de login de usuario visual_user exitoso
2025-11-29 19:40:54 INFO TalentoTech: Test de login completado
2025-11-29 19:40:54 INFO TalentoTech: _______________________________________________________________________________
2025-12-03 21:43:23 INFO TalentoTech: Realizando la solicitud GET a https://jsonplaceholder.typicode.com/users del usuario con id 2
2025-12-03 21:43:49 INFO TalentoTech: Status code: 200
2025-12-03 21:43:49 INFO TalentoTech: Realizando la solicitud DELETE a https://jsonplaceholder.typicode.com/users del usuario con id 2
2025-12-03 21:44:02 INFO TalentoTech: Status code: 200
2025-12-03 21:46:03 INFO TalentoTech: Realizando la solicitud GET a https://jsonplaceholder.typicode.com/users del usuario con id 2
2025-12-03 21:46:04 INFO TalentoTech: Status code: 200
2025-12-03 21:46:04 INFO TalentoTech: ID del usuario obtenido: 2
2025-12-03 21:46:04 INFO TalentoTech: _______________________________________________________________________________
2025-12-03 21:46:04 INFO TalentoTech: Realizando la solicitud POST a https://jsonplaceholder.typicode.com/users de un nuevo usuario: Pepe - zapateriapepe.com
2025-12-03 21:46:08 INFO TalentoTech: Status code: 201
2025-12-03 21:46:08 INFO TalentoTech: Nombre del usuario creado: Pepe
2025-12-03 21:46:08 INFO TalentoTech: _______________________________________________________________________________
2025-12-03 21:46:08 INFO TalentoTech: Realizando la solicitud DELETE a https://jsonplaceholder.typicode.com/users del usuario con id 2
2025-12-03 21:46:12 INFO TalentoTech: Status code: 200
2025-12-03 21:48:30 INFO TalentoTech: Realizando la solicitud GET a https://jsonplaceholder.typicode.com/users del usuario con id 2
2025-12-03 21:48:34 INFO TalentoTech: Status code: 200
2025-12-03 21:48:34 INFO TalentoTech: ID del usuario obtenido: 2
2025-12-03 21:48:34 INFO TalentoTech: _______________________________________________________________________________
2025-12-03 21:48:34 INFO TalentoTech: Realizando la solicitud POST a https://jsonplaceholder.typicode.com/users de un nuevo usuario: Pepe - zapateriapepe.com
2025-12-03 21:48:37 INFO TalentoTech: Status code: 201
2025-12-03 21:48:37 INFO TalentoTech: Nombre del usuario creado: Pepe
2025-12-03 21:48:37 INFO TalentoTech: _______________________________________________________________________________
2025-12-03 21:48:37 INFO TalentoTech: Realizando la solicitud DELETE a https://jsonplaceholder.typicode.com/users del usuario con id 1
2025-12-03 21:48:40 INFO TalentoTech: Status code: 200
2025-12-03 21:51:07 INFO TalentoTech: Realizando la solicitud GET a https://jsonplaceholder.typicode.com/users del usuario con id 2
2025-12-03 21:51:13 INFO TalentoTech: Status code: 200
2025-12-03 21:51:13 INFO TalentoTech: ID del usuario obtenido: 2
2025-12-03 21:51:13 INFO TalentoTech: _______________________________________________________________________________
2025-12-03 21:51:13 INFO TalentoTech: Realizando la solicitud POST a https://jsonplaceholder.typicode.com/users de un nuevo usuario: Pepe - zapateriapepe.com
2025-12-03 21:51:37 INFO TalentoTech: Status code: 201
2025-12-03 21:51:37 INFO TalentoTech: Nombre del usuario creado: Pepe
2025-12-03 21:51:37 INFO TalentoTech: _______________________________________________________________________________
2025-12-03 21:51:37 INFO TalentoTech: Realizando la solicitud DELETE a https://jsonplaceholder.typicode.com/users del usuario con id 1
2025-12-03 21:51:54 INFO TalentoTech: Status code: 200
2025-12-03 21:51:54 INFO TalentoTech: _______________________________________________________________________________
2025-12-03 21:53:11 INFO TalentoTech: Realizando la solicitud GET a https://jsonplaceholder.typicode.com/users del usuario con id 2
2025-12-03 21:53:13 INFO TalentoTech: Status code: 200
2025-12-03 21:53:13 INFO TalentoTech: ID del usuario obtenido: 2
2025-12-03 21:53:13 INFO TalentoTech: _______________________________________________________________________________
2025-12-03 21:53:13 INFO TalentoTech: Realizando la solicitud POST a https://jsonplaceholder.typicode.com/users de un nuevo usuario: Pepe - zapateriapepe.com
2025-12-03 21:53:14 INFO TalentoTech: Status code: 201
2025-12-03 21:53:14 INFO TalentoTech: Nombre del usuario creado: Pepe
2025-12-03 21:53:14 INFO TalentoTech: _______________________________________________________________________________
2025-12-03 21:53:14 INFO TalentoTech: Realizando la solicitud DELETE a https://jsonplaceholder.typicode.com/users del usuario con id 1
2025-12-03 21:53:16 INFO TalentoTech: Status code: 200
2025-12-03 21:53:16 INFO TalentoTech: Respuesta de la API {}
2025-12-03 21:53:16 INFO TalentoTech: _______________________________________________________________________________
2025-12-03 21:53:57 INFO TalentoTech: Realizando la solicitud GET a https://jsonplaceholder.typicode.com/users del usuario con id 2
2025-12-03 21:54:05 INFO TalentoTech: Status code: 200
2025-12-03 21:54:05 INFO TalentoTech: ID del usuario obtenido: 2
2025-12-03 21:54:05 INFO TalentoTech: _______________________________________________________________________________
2025-12-03 21:54:05 INFO TalentoTech: Realizando la solicitud POST a https://jsonplaceholder.typicode.com/users de un nuevo usuario: Pepe - zapateriapepe.com
2025-12-03 21:54:08 INFO TalentoTech: Status code: 201
2025-12-03 21:54:08 INFO TalentoTech: Nombre del usuario creado: Pepe
2025-12-03 21:54:08 INFO TalentoTech: _______________________________________________________________________________
2025-12-03 21:54:08 INFO TalentoTech: Realizando la solicitud DELETE a https://jsonplaceholder.typicode.com/users del usuario con id 1
2025-12-03 21:54:10 INFO TalentoTech: Status code: 200
2025-12-03 21:54:10 INFO TalentoTech: Respuesta de la API: {}
2025-12-03 21:54:10 INFO TalentoTech: _______________________________________________________________________________
2025-12-03 21:54:10 INFO TalentoTech: Realizando la solicitud POST a https://jsonplaceholder.typicode.com/users de un nuevo usuario: Maria - floreriafresia.com
2025-12-03 21:54:12 INFO TalentoTech: Status code: 201
2025-12-03 21:54:12 INFO TalentoTech: Usuario creado con id: 11
2025-12-03 21:54:12 INFO TalentoTech: Realizando la solicitud GET a https://jsonplaceholder.typicode.com/users del usuario con id 11
2025-12-03 21:54:13 INFO TalentoTech: Status code: 404
2025-12-03 21:55:45 INFO TalentoTech: Iniciando test de login con datos de inicio de sesion externos (csv)...
2025-12-03 21:55:45 INFO TalentoTech: Completando con los datos de usuario: 'standard_user - secret_sauce'
2025-12-03 21:55:49 INFO TalentoTech: Verificando redireccionamiento dentro de la pagina
2025-12-03 21:55:49 INFO TalentoTech: Test de login de usuario standard_user exitoso
2025-12-03 21:55:49 INFO TalentoTech: _______________________________________________________________________________
2025-12-03 21:55:53 INFO TalentoTech: Iniciando test de login con datos de inicio de sesion externos (csv)...
2025-12-03 21:55:53 INFO TalentoTech: Completando con los datos de usuario: 'locked_out_user - secret_sauce'
2025-12-03 21:55:57 INFO TalentoTech: Error en test de login - Epic sadface: Sorry, this user has been locked out.
2025-12-03 21:55:57 INFO TalentoTech: _______________________________________________________________________________
2025-12-03 21:56:00 INFO TalentoTech: Iniciando test de login con datos de inicio de sesion externos (csv)...
2025-12-03 21:56:00 INFO TalentoTech: Completando con los datos de usuario: 'problem_user - secret_sauce'
2025-12-03 21:56:05 INFO TalentoTech: Verificando redireccionamiento dentro de la pagina
2025-12-03 21:56:05 INFO TalentoTech: Test de login de usuario problem_user exitoso
2025-12-03 21:56:05 INFO TalentoTech: _______________________________________________________________________________
2025-12-03 21:56:08 INFO TalentoTech: Iniciando test de login con datos de inicio de sesion externos (csv)...
2025-12-03 21:56:08 INFO TalentoTech: Completando con los datos de usuario: 'performance_glitch_user - secret_sauce'
2025-12-03 21:56:17 INFO TalentoTech: Verificando redireccionamiento dentro de la pagina
2025-12-03 21:56:17 INFO TalentoTech: Test de login de usuario performance_glitch_user exitoso
2025-12-03 21:56:17 INFO TalentoTech: _______________________________________________________________________________
2025-12-03 21:56:23 INFO TalentoTech: Iniciando test de login con datos de inicio de sesion externos (csv)...
2025-12-03 21:56:23 INFO TalentoTech: Completando con los datos de usuario: 'error_user - secret_sauce'
2025-12-03 21:56:27 INFO TalentoTech: Verificando redireccionamiento dentro de la pagina
2025-12-03 21:56:27 INFO TalentoTech: Test de login de usuario error_user exitoso
2025-12-03 21:56:27 INFO TalentoTech: _______________________________________________________________________________
2025-12-03 21:56:31 INFO TalentoTech: Iniciando test de login con datos de inicio de sesion externos (csv)...
2025-12-03 21:56:31 INFO TalentoTech: Completando con los datos de usuario: 'visual_user - secret_sauce'
2025-12-03 21:56:34 INFO TalentoTech: Verificando redireccionamiento dentro de la pagina
2025-12-03 21:56:34 INFO TalentoTech: Test de login de usuario visual_user exitoso
2025-12-03 21:56:34 INFO TalentoTech: _______________________________________________________________________________
2025-12-03 21:56:52 INFO TalentoTech: Iniciando test login con faker utilizando credenciales inválidas...
2025-12-03 21:56:52 INFO TalentoTech: Completando con los datos de usuario: 'cpowell - Kf!03J7p'
2025-12-03 21:56:56 INFO TalentoTech: Error en test de login - Epic sadface: Username and password do not match any user in this service
2025-12-03 21:56:56 INFO TalentoTech: _______________________________________________________________________________
2025-12-03 21:57:00 INFO TalentoTech: Iniciando test login con faker utilizando credenciales inválidas...
2025-12-03 21:57:00 INFO TalentoTech: Completando con los datos de usuario: 'marymyers - +4XcZGoE#l'
2025-12-03 21:57:03 INFO TalentoTech: Error en test de login - Epic sadface: Username and password do not match any user in this service
2025-12-03 21:57:03 INFO TalentoTech: _______________________________________________________________________________
2025-12-03 21:57:19 INFO TalentoTech: Iniciando test de inventario...
2025-12-03 21:57:23 INFO TalentoTech: Cantidad de productos presentes en el inventario: 6
2025-12-03 21:57:33 INFO TalentoTech: Cantidad de productos en el carrito: 0
2025-12-03 21:57:44 INFO TalentoTech: 1 producto agregado al carrito
2025-12-03 21:57:44 INFO TalentoTech: Cantidad actualizada de productos en el carrito: 1
2025-12-03 21:57:44 INFO TalentoTech: Test de inventario completo
2025-12-03 21:57:44 INFO TalentoTech: _______________________________________________________________________________
2025-12-03 21:58:13 INFO TalentoTech: Iniciando test de carrito...
2025-12-03 21:58:16 INFO TalentoTech: Agregando 1 producto al carrito
2025-12-03 21:58:16 INFO TalentoTech: Cantidad de productos en el carrito: 1
2025-12-03 21:58:16 INFO TalentoTech: Test de carrito completo
2025-12-03 21:58:16 INFO TalentoTech: _______________________________________________________________________________
2025-12-03 21:58:28 INFO TalentoTech: Iniciando test de inventario con productos tomados de un json...
2025-12-03 21:58:28 INFO TalentoTech: Producto: Sauce Labs Backpack
2025-12-03 21:58:31 INFO TalentoTech: Agregando producto 'Sauce Labs Backpack' al carrito
2025-12-03 21:58:33 INFO TalentoTech: Nombre del producto en el carrito: Sauce Labs Backpack
2025-12-03 21:58:33 INFO TalentoTech: Test de carrito completo
2025-12-03 21:58:33 INFO TalentoTech: _______________________________________________________________________________
2025-12-03 21:58:38 INFO TalentoTech: Iniciando test de inventario con productos tomados de un json...
2025-12-03 21:58:38 INFO TalentoTech: Producto: Sauce Labs Bike Light
2025-12-03 21:58:41 INFO TalentoTech: Agregando producto 'Sauce Labs Bike Light' al carrito
2025-12-03 21:58:43 INFO TalentoTech: Nombre del producto en el carrito: Sauce Labs Bike Light
2025-12-03 21:58:43 INFO TalentoTech: Test de carrito completo
2025-12-03 21:58:43 INFO TalentoTech: _______________________________________________________________________________
2025-12-03 21:58:47 INFO TalentoTech: Iniciando test de inventario con productos tomados de un json...
2025-12-03 21:58:47 INFO TalentoTech: Producto: Sauce Labs Bolt T-Shirt
2025-12-03 21:58:51 INFO TalentoTech: Agregando producto 'Sauce Labs Bolt T-Shirt' al carrito
2025-12-03 21:58:53 INFO TalentoTech: Nombre del producto en el carrito: Sauce Labs Bolt T-Shirt
2025-12-03 21:58:53 INFO TalentoTech: Test de carrito completo
2025-12-03 21:58:53 INFO TalentoTech: _______________________________________________________________________________
